<?xml version="1.0" encoding="UTF-8"?>
<testsuites>
	<testsuite tests="1" errors="0" failures="0" time="0.005" timestamp="2016-06-10T17:48:48">
		<testcase classname="addIngredient" name="adds an ingredient to the recipe and returns the updated recipe" time="0.003">
		</testcase>
	</testsuite>
</testsuites>

