<?xml version="1.0" encoding="UTF-8"?>
<testsuites>
	<testsuite tests="1" errors="0" failures="0" time="0.001" timestamp="2016-06-10T17:48:48">
		<testcase classname="removeIngredient" name="removes a key-value pair from the recipe and returns the updated recipe" time="0.001">
		</testcase>
	</testsuite>
</testsuites>

